[debug] [2024-12-07T02:48:27.847Z] ----------------------------------------------------------------------
[debug] [2024-12-07T02:48:27.851Z] Command:       C:\Program Files\nodejs\node.exe C:\Users\Administrator\AppData\Roaming\npm\node_modules\firebase-tools\lib\bin\firebase.js init
[debug] [2024-12-07T02:48:27.851Z] CLI Version:   13.27.0
[debug] [2024-12-07T02:48:27.851Z] Platform:      win32
[debug] [2024-12-07T02:48:27.852Z] Node Version:  v20.15.0
[debug] [2024-12-07T02:48:27.852Z] Time:          Fri Dec 06 2024 18:48:27 GMT-0800 (Pacific Standard Time)
[debug] [2024-12-07T02:48:27.852Z] ----------------------------------------------------------------------
[debug] 
[debug] [2024-12-07T02:48:27.941Z] > command requires scopes: ["email","openid","https://www.googleapis.com/auth/cloudplatformprojects.readonly","https://www.googleapis.com/auth/firebase","https://www.googleapis.com/auth/cloud-platform"]
[debug] [2024-12-07T02:48:27.941Z] > authorizing via signed-in user (tsotangkhuto1@gmail.com)
[info] 
     ######## #### ########  ######## ########     ###     ######  ########
     ##        ##  ##     ## ##       ##     ##  ##   ##  ##       ##
     ######    ##  ########  ######   ########  #########  ######  ######
     ##        ##  ##    ##  ##       ##     ## ##     ##       ## ##
     ##       #### ##     ## ######## ########  ##     ##  ######  ########

You're about to initialize a Firebase project in this directory:

  C:\Users\Administrator\Desktop\Wings-firebase\inventnpx

Before we get started, keep in mind:

  * You are initializing within an existing Firebase project directory

[info] 
=== Project Setup
[info] 
[info] First, let's associate this project directory with a Firebase project.
[info] You can create multiple project aliases by running firebase use --add, 
[info] but for now we'll just set up a default project.
[info] 
[debug] [2024-12-07T02:48:52.834Z] Using project from CLI flag: inventory-c526b
[debug] [2024-12-07T02:48:52.836Z] Checked if tokens are valid: true, expires at: 1733543123985
[debug] [2024-12-07T02:48:52.837Z] Checked if tokens are valid: true, expires at: 1733543123985
[debug] [2024-12-07T02:48:52.839Z] >>> [apiv2][query] GET https://firebase.googleapis.com/v1beta1/projects/inventory-c526b [none]
[debug] [2024-12-07T02:48:54.015Z] <<< [apiv2][status] GET https://firebase.googleapis.com/v1beta1/projects/inventory-c526b 200
[debug] [2024-12-07T02:48:54.015Z] <<< [apiv2][body] GET https://firebase.googleapis.com/v1beta1/projects/inventory-c526b {"projectId":"inventory-c526b","projectNumber":"210043635602","displayName":"Inventory","name":"projects/inventory-c526b","resources":{"hostingSite":"inventory-c526b"},"state":"ACTIVE","etag":"1_a509ad95-56c1-4032-b3fa-07a6179a1656"}
[info] i  Using project inventory-c526b (Inventory) 
[info] 
=== Hosting Setup
[debug] [2024-12-07T02:48:54.031Z] Checked if tokens are valid: true, expires at: 1733543123985
[debug] [2024-12-07T02:48:54.031Z] Checked if tokens are valid: true, expires at: 1733543123985
[debug] [2024-12-07T02:48:54.032Z] >>> [apiv2][query] GET https://firebase.googleapis.com/v1beta1/projects/inventory-c526b [none]
[debug] [2024-12-07T02:48:54.609Z] <<< [apiv2][status] GET https://firebase.googleapis.com/v1beta1/projects/inventory-c526b 200
[debug] [2024-12-07T02:48:54.609Z] <<< [apiv2][body] GET https://firebase.googleapis.com/v1beta1/projects/inventory-c526b {"projectId":"inventory-c526b","projectNumber":"210043635602","displayName":"Inventory","name":"projects/inventory-c526b","resources":{"hostingSite":"inventory-c526b"},"state":"ACTIVE","etag":"1_a509ad95-56c1-4032-b3fa-07a6179a1656"}
[info] 
[info] Your public directory is the folder (relative to your project directory) that
[info] will contain Hosting assets to be uploaded with firebase deploy. If you
[info] have a build process for your assets, use your build's output directory.
[info] 
[info] +  Wrote build/404.html 
[debug] [2024-12-07T02:49:26.898Z] >>> [apiv2][query] GET https://www.gstatic.com/firebasejs/releases.json [none]
[debug] [2024-12-07T02:49:27.685Z] <<< [apiv2][status] GET https://www.gstatic.com/firebasejs/releases.json 200
[debug] [2024-12-07T02:49:27.686Z] <<< [apiv2][body] GET https://www.gstatic.com/firebasejs/releases.json {"current":{"version":"11.0.2","browserURL":"https://www.gstatic.com/firebasejs/11.0.2/firebase.js","packageURL":"https://www.gstatic.com/firebasejs/11.0.2/firebase.tgz"},"live":{"version":"11.0","browserURL":"https://www.gstatic.com/firebasejs/live/11.0/firebase.js","packageURL":"https://www.gstatic.com/firebasejs/live/11.0/firebase.tgz"},"components":{"analytics":"https://www.gstatic.com/firebasejs/11.0.2/firebase-analytics.js","app":"https://www.gstatic.com/firebasejs/11.0.2/firebase-app.js","app-check":"https://www.gstatic.com/firebasejs/11.0.2/firebase-app-check.js","auth":"https://www.gstatic.com/firebasejs/11.0.2/firebase-auth.js","auth/cordova":"https://www.gstatic.com/firebasejs/11.0.2/firebase-auth/cordova.js","auth/web-extension":"https://www.gstatic.com/firebasejs/11.0.2/firebase-auth/web-extension.js","functions":"https://www.gstatic.com/firebasejs/11.0.2/firebase-functions.js","firestore":"https://www.gstatic.com/firebasejs/11.0.2/firebase-firestore.js","firestore/lite":"https://www.gstatic.com/firebasejs/11.0.2/firebase-firestore/lite.js","installations":"https://www.gstatic.com/firebasejs/11.0.2/firebase-installations.js","storage":"https://www.gstatic.com/firebasejs/11.0.2/firebase-storage.js","performance":"https://www.gstatic.com/firebasejs/11.0.2/firebase-performance.js","remote-config":"https://www.gstatic.com/firebasejs/11.0.2/firebase-remote-config.js","messaging":"https://www.gstatic.com/firebasejs/11.0.2/firebase-messaging.js","messaging/sw":"https://www.gstatic.com/firebasejs/11.0.2/firebase-messaging/sw.js","database":"https://www.gstatic.com/firebasejs/11.0.2/firebase-database.js","vertexai":"https://www.gstatic.com/firebasejs/11.0.2/firebase-vertexai.js","data-connect":"https://www.gstatic.com/firebasejs/11.0.2/firebase-data-connect.js","firestore.memory":"https://www.gstatic.com/firebasejs/11.0.2/firebase-firestore.memory.js"}}
[info] +  Wrote build/index.html 
[info] 
[info] i  Didn't detect a .git folder. Assuming C:\Users\Administrator\Desktop\Wings-firebase\inventnpx is the project root. 
[info] i  Authorizing with GitHub to upload your service account to a GitHub repository's secrets store. 
[info] 
[info] Visit this URL on this device to log in:
[info] https://github.com/login/oauth/authorize?client_id=89cf50f02ac6aaed3484&state=793081872&redirect_uri=http%3A%2F%2Flocalhost%3A9005&scope=read%3Auser%20repo%20public_repo
[info] 
[info] Waiting for authentication...
[debug] [2024-12-07T02:58:18.377Z] >>> [apiv2][query] POST https://github.com/login/oauth/access_token [none]
[debug] [2024-12-07T02:58:18.377Z] >>> [apiv2][body] POST https://github.com/login/oauth/access_token [stream]
[debug] [2024-12-07T02:58:18.974Z] <<< [apiv2][status] POST https://github.com/login/oauth/access_token 200
[debug] [2024-12-07T02:58:18.975Z] <<< [apiv2][body] POST https://github.com/login/oauth/access_token {"access_token":"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","token_type":"bearer","scope":"read:user,repo"}
[debug] [2024-12-07T02:58:18.997Z] >>> [apiv2][query] GET https://api.github.com/user [none]
[debug] [2024-12-07T02:58:19.663Z] <<< [apiv2][status] GET https://api.github.com/user 200
[debug] [2024-12-07T02:58:19.665Z] <<< [apiv2][body] GET https://api.github.com/user {"login":"Datsot282","id":185393024,"node_id":"U_kgDOCwzfgA","avatar_url":"https://avatars.githubusercontent.com/u/185393024?v=4","gravatar_id":"","url":"https://api.github.com/users/Datsot282","html_url":"https://github.com/Datsot282","followers_url":"https://api.github.com/users/Datsot282/followers","following_url":"https://api.github.com/users/Datsot282/following{/other_user}","gists_url":"https://api.github.com/users/Datsot282/gists{/gist_id}","starred_url":"https://api.github.com/users/Datsot282/starred{/owner}{/repo}","subscriptions_url":"https://api.github.com/users/Datsot282/subscriptions","organizations_url":"https://api.github.com/users/Datsot282/orgs","repos_url":"https://api.github.com/users/Datsot282/repos","events_url":"https://api.github.com/users/Datsot282/events{/privacy}","received_events_url":"https://api.github.com/users/Datsot282/received_events","type":"User","user_view_type":"private","site_admin":false,"name":null,"company":null,"blog":"","location":null,"email":null,"hireable":null,"bio":null,"twitter_username":null,"notification_email":null,"public_repos":2,"public_gists":0,"followers":0,"following":0,"created_at":"2024-10-17T15:14:49Z","updated_at":"2024-12-06T17:34:01Z","private_gists":0,"total_private_repos":0,"owned_private_repos":0,"disk_usage":0,"collaborators":0,"two_factor_authentication":false,"plan":{"name":"free","space":976562499,"collaborators":0,"private_repos":10000}}
[info] 
[info] +  Success! Logged into GitHub as Datsot282 
[info] 
[debug] [2024-12-07T02:58:19.754Z] >>> [apiv2][query] GET https://api.github.com/repos//actions/secrets/public-key type=owner
[debug] [2024-12-07T02:58:20.130Z] <<< [apiv2][status] GET https://api.github.com/repos//actions/secrets/public-key 404
[debug] [2024-12-07T02:58:20.130Z] <<< [apiv2][body] GET https://api.github.com/repos//actions/secrets/public-key {"message":"Not Found","documentation_url":"https://docs.github.com/rest","status":"404"}
[info] 
[info] 
[error] !  The provided authorization cannot be used with this repository. If this repository is in an organization, did you remember to grant access? 
[info] 
[info] i  Action required: Visit this URL to ensure access has been granted to the appropriate organization(s) for the Firebase CLI GitHub OAuth App: 
[info] https://github.com/settings/connections/applications/89cf50f02ac6aaed3484
[info] 
[debug] [2024-12-07T02:59:53.668Z] >>> [apiv2][query] GET https://api.github.com/repos/repository/actions/secrets/public-key type=owner
[debug] [2024-12-07T02:59:54.475Z] <<< [apiv2][status] GET https://api.github.com/repos/repository/actions/secrets/public-key 404
[debug] [2024-12-07T02:59:54.476Z] <<< [apiv2][body] GET https://api.github.com/repos/repository/actions/secrets/public-key {"message":"Not Found","documentation_url":"https://docs.github.com/rest","status":"404"}
[info] 
[info] 
[error] !  The provided authorization cannot be used with this repository. If this repository is in an organization, did you remember to grant access? 
[info] 
[info] i  Action required: Visit this URL to ensure access has been granted to the appropriate organization(s) for the Firebase CLI GitHub OAuth App: 
[info] https://github.com/settings/connections/applications/89cf50f02ac6aaed3484
[info] 
[debug] [2024-12-07T03:00:35.242Z] >>> [apiv2][query] GET https://api.github.com/repos/repository/actions/secrets/public-key type=owner
[debug] [2024-12-07T03:00:36.049Z] <<< [apiv2][status] GET https://api.github.com/repos/repository/actions/secrets/public-key 404
[debug] [2024-12-07T03:00:36.050Z] <<< [apiv2][body] GET https://api.github.com/repos/repository/actions/secrets/public-key {"message":"Not Found","documentation_url":"https://docs.github.com/rest","status":"404"}
[info] 
[info] 
[error] !  The provided authorization cannot be used with this repository. If this repository is in an organization, did you remember to grant access? 
[info] 
[info] i  Action required: Visit this URL to ensure access has been granted to the appropriate organization(s) for the Firebase CLI GitHub OAuth App: 
[info] https://github.com/settings/connections/applications/89cf50f02ac6aaed3484
[info] 
[debug] [2024-12-07T03:03:01.151Z] >>> [apiv2][query] GET https://api.github.com/repos/inventory/actions/secrets/public-key type=owner
[debug] [2024-12-07T03:03:01.873Z] <<< [apiv2][status] GET https://api.github.com/repos/inventory/actions/secrets/public-key 404
[debug] [2024-12-07T03:03:01.874Z] <<< [apiv2][body] GET https://api.github.com/repos/inventory/actions/secrets/public-key {"message":"Not Found","documentation_url":"https://docs.github.com/rest","status":"404"}
[info] 
[info] 
[error] !  The provided authorization cannot be used with this repository. If this repository is in an organization, did you remember to grant access? 
[info] 
[info] i  Action required: Visit this URL to ensure access has been granted to the appropriate organization(s) for the Firebase CLI GitHub OAuth App: 
[info] https://github.com/settings/connections/applications/89cf50f02ac6aaed3484
[info] 
